<?xml version="1.0" encoding="UTF-8"?>
<testsuites>
	<testsuite tests="5" errors="0" failures="5" time="0.004" timestamp="2019-01-29T17:12:41">
		<testcase classname="Comparison Operator Basics" name="#testFalseLooseEqualityComparison should return false because 0 and 1 are not equal in value" time="0.001">
			<failure type="" message="ReferenceError: Can&amp;apos;t find variable: testFalseLooseEqualityComparison in file:///home/cloudycua/javascript-intro-to-comparison-operators-v-000/spec/comparison_spec.js (line 6)">
file:///home/cloudycua/javascript-intro-to-comparison-operators-v-000/spec/comparison_spec.js:6:46
attemptSync@file:///home/cloudycua/javascript-intro-to-comparison-operators-v-000/tmpTestSupport/jasmine.js:1510:16
run@file:///home/cloudycua/javascript-intro-to-comparison-operators-v-000/tmpTestSupport/jasmine.js:1498:20
execute@file:///home/cloudycua/javascript-intro-to-comparison-operators-v-000/tmpTestSupport/jasmine.js:1485:13
queueRunnerFactory@file:///home/cloudycua/javascript-intro-to-comparison-operators-v-000/tmpTestSupport/jasmine.js:518:42
execute@file:///home/cloudycua/javascript-intro-to-comparison-operators-v-000/tmpTestSupport/jasmine.js:306:28
file:///home/cloudycua/javascript-intro-to-comparison-operators-v-000/tmpTestSupport/jasmine.js:1708:44
attemptAsync@file:///home/cloudycua/javascript-intro-to-comparison-operators-v-000/tmpTestSupport/jasmine.js:1520:16
run@file:///home/cloudycua/javascript-intro-to-comparison-operators-v-000/tmpTestSupport/jasmine.js:1496:28
execute@file:///home/cloudycua/javascript-intro-to-comparison-operators-v-000/tmpTestSupport/jasmine.js:1485:13
queueRunnerFactory@file:///home/cloudycua/javascript-intro-to-comparison-operators-v-000/tmpTestSupport/jasmine.js:518:42
execute@file:///home/cloudycua/javascript-intro-to-comparison-operators-v-000/tmpTestSupport/jasmine.js:1694:21
file:///home/cloudycua/javascript-intro-to-comparison-operators-v-000/tmpTestSupport/jasmine.js:1708:44
attemptAsync@file:///home/cloudycua/javascript-intro-to-comparison-operators-v-000/tmpTestSupport/jasmine.js:1520:16
run@file:///home/cloudycua/javascript-intro-to-comparison-operators-v-000/tmpTestSupport/jasmine.js:1496:28
execute@file:///home/cloudycua/javascript-intro-to-comparison-operators-v-000/tmpTestSupport/jasmine.js:1485:13
queueRunnerFactory@file:///home/cloudycua/javascript-intro-to-comparison-operators-v-000/tmpTestSupport/jasmine.js:518:42
execute@file:///home/cloudycua/javascript-intro-to-comparison-operators-v-000/tmpTestSupport/jasmine.js:1694:21
file:///home/cloudycua/javascript-intro-to-comparison-operators-v-000/tmpTestSupport/jasmine.js:1708:44
attemptAsync@file:///home/cloudycua/javascript-intro-to-comparison-operators-v-000/tmpTestSupport/jasmine.js:1520:16
run@file:///home/cloudycua/javascript-intro-to-comparison-operators-v-000/tmpTestSupport/jasmine.js:1496:28
execute@file:///home/cloudycua/javascript-intro-to-comparison-operators-v-000/tmpTestSupport/jasmine.js:1485:13
queueRunnerFactory@file:///home/cloudycua/javascript-intro-to-comparison-operators-v-000/tmpTestSupport/jasmine.js:518:42
execute@file:///home/cloudycua/javascript-intro-to-comparison-operators-v-000/tmpTestSupport/jasmine.js:1694:21
file:///home/cloudycua/javascript-intro-to-comparison-operators-v-000/tmpTestSupport/jasmine.js:541:83
attemptAsync@file:///home/cloudycua/javascript-intro-to-comparison-operators-v-000/tmpTestSupport/jasmine.js:1520:16
run@file:///home/cloudycua/javascript-intro-to-comparison-operators-v-000/tmpTestSupport/jasmine.js:1496:28
execute@file:///home/cloudycua/javascript-intro-to-comparison-operators-v-000/tmpTestSupport/jasmine.js:1485:13
queueRunnerFactory@file:///home/cloudycua/javascript-intro-to-comparison-operators-v-000/tmpTestSupport/jasmine.js:518:42
execute@file:///home/cloudycua/javascript-intro-to-comparison-operators-v-000/tmpTestSupport/jasmine.js:548:25
onload@file:///home/cloudycua/javascript-intro-to-comparison-operators-v-000/tmpTestSupport/boot.js:172:16			</failure>
		</testcase>
		<testcase classname="Comparison Operator Basics" name="#testTrueLooseNonEqualityComparison should return true because 0 and 1 are not equal in value" time="0">
			<failure type="" message="ReferenceError: Can&amp;apos;t find variable: testTrueLooseNonEqualityComparison in file:///home/cloudycua/javascript-intro-to-comparison-operators-v-000/spec/comparison_spec.js (line 13)">
file:///home/cloudycua/javascript-intro-to-comparison-operators-v-000/spec/comparison_spec.js:13:48
attemptSync@file:///home/cloudycua/javascript-intro-to-comparison-operators-v-000/tmpTestSupport/jasmine.js:1510:16
run@file:///home/cloudycua/javascript-intro-to-comparison-operators-v-000/tmpTestSupport/jasmine.js:1498:20
execute@file:///home/cloudycua/javascript-intro-to-comparison-operators-v-000/tmpTestSupport/jasmine.js:1485:13
queueRunnerFactory@file:///home/cloudycua/javascript-intro-to-comparison-operators-v-000/tmpTestSupport/jasmine.js:518:42
execute@file:///home/cloudycua/javascript-intro-to-comparison-operators-v-000/tmpTestSupport/jasmine.js:306:28
file:///home/cloudycua/javascript-intro-to-comparison-operators-v-000/tmpTestSupport/jasmine.js:1708:44
attemptAsync@file:///home/cloudycua/javascript-intro-to-comparison-operators-v-000/tmpTestSupport/jasmine.js:1520:16
run@file:///home/cloudycua/javascript-intro-to-comparison-operators-v-000/tmpTestSupport/jasmine.js:1496:28
execute@file:///home/cloudycua/javascript-intro-to-comparison-operators-v-000/tmpTestSupport/jasmine.js:1485:13
queueRunnerFactory@file:///home/cloudycua/javascript-intro-to-comparison-operators-v-000/tmpTestSupport/jasmine.js:518:42
execute@file:///home/cloudycua/javascript-intro-to-comparison-operators-v-000/tmpTestSupport/jasmine.js:1694:21
file:///home/cloudycua/javascript-intro-to-comparison-operators-v-000/tmpTestSupport/jasmine.js:1708:44
attemptAsync@file:///home/cloudycua/javascript-intro-to-comparison-operators-v-000/tmpTestSupport/jasmine.js:1520:16
run@file:///home/cloudycua/javascript-intro-to-comparison-operators-v-000/tmpTestSupport/jasmine.js:1496:28
next@file:///home/cloudycua/javascript-intro-to-comparison-operators-v-000/tmpTestSupport/jasmine.js:1517:40
complete@file:///home/cloudycua/javascript-intro-to-comparison-operators-v-000/tmpTestSupport/jasmine.js:1703:19
clearStack@file:///home/cloudycua/javascript-intro-to-comparison-operators-v-000/tmpTestSupport/jasmine.js:506:11
run@file:///home/cloudycua/javascript-intro-to-comparison-operators-v-000/tmpTestSupport/jasmine.js:1505:22
next@file:///home/cloudycua/javascript-intro-to-comparison-operators-v-000/tmpTestSupport/jasmine.js:1517:40
complete@file:///home/cloudycua/javascript-intro-to-comparison-operators-v-000/tmpTestSupport/jasmine.js:333:19
clearStack@file:///home/cloudycua/javascript-intro-to-comparison-operators-v-000/tmpTestSupport/jasmine.js:506:11
run@file:///home/cloudycua/javascript-intro-to-comparison-operators-v-000/tmpTestSupport/jasmine.js:1505:22
execute@file:///home/cloudycua/javascript-intro-to-comparison-operators-v-000/tmpTestSupport/jasmine.js:1485:13
queueRunnerFactory@file:///home/cloudycua/javascript-intro-to-comparison-operators-v-000/tmpTestSupport/jasmine.js:518:42
execute@file:///home/cloudycua/javascript-intro-to-comparison-operators-v-000/tmpTestSupport/jasmine.js:306:28
file:///home/cloudycua/javascript-intro-to-comparison-operators-v-000/tmpTestSupport/jasmine.js:1708:44
attemptAsync@file:///home/cloudycua/javascript-intro-to-comparison-operators-v-000/tmpTestSupport/jasmine.js:1520:16
run@file:///home/cloudycua/javascript-intro-to-comparison-operators-v-000/tmpTestSupport/jasmine.js:1496:28
execute@file:///home/cloudycua/javascript-intro-to-comparison-operators-v-000/tmpTestSupport/jasmine.js:1485:13
queueRunnerFactory@file:///home/cloudycua/javascript-intro-to-comparison-operators-v-000/tmpTestSupport/jasmine.js:518:42
execute@file:///home/cloudycua/javascript-intro-to-comparison-operators-v-000/tmpTestSupport/jasmine.js:1694:21
file:///home/cloudycua/javascript-intro-to-comparison-operators-v-000/tmpTestSupport/jasmine.js:1708:44
attemptAsync@file:///home/cloudycua/javascript-intro-to-comparison-operators-v-000/tmpTestSupport/jasmine.js:1520:16
run@file:///home/cloudycua/javascript-intro-to-comparison-operators-v-000/tmpTestSupport/jasmine.js:1496:28
execute@file:///home/cloudycua/javascript-intro-to-comparison-operators-v-000/tmpTestSupport/jasmine.js:1485:13
queueRunnerFactory@file:///home/cloudycua/javascript-intro-to-comparison-operators-v-000/tmpTestSupport/jasmine.js:518:42
execute@file:///home/cloudycua/javascript-intro-to-comparison-operators-v-000/tmpTestSupport/jasmine.js:1694:21
file:///home/cloudycua/javascript-intro-to-comparison-operators-v-000/tmpTestSupport/jasmine.js:1708:44
attemptAsync@file:///home/cloudycua/javascript-intro-to-comparison-operators-v-000/tmpTestSupport/jasmine.js:1520:16
run@file:///home/cloudycua/javascript-intro-to-comparison-operators-v-000/tmpTestSupport/jasmine.js:1496:28
execute@file:///home/cloudycua/javascript-intro-to-comparison-operators-v-000/tmpTestSupport/jasmine.js:1485:13
queueRunnerFactory@file:///home/cloudycua/javascript-intro-to-comparison-operators-v-000/tmpTestSupport/jasmine.js:518:42
execute@file:///home/cloudycua/javascript-intro-to-comparison-operators-v-000/tmpTestSupport/jasmine.js:1694:21
file:///home/cloudycua/javascript-intro-to-comparison-operators-v-000/tmpTestSupport/jasmine.js:541:83
attemptAsync@file:///home/cloudycua/javascript-intro-to-comparison-operators-v-000/tmpTestSupport/jasmine.js:1520:16
run@file:///home/cloudycua/javascript-intro-to-comparison-operators-v-000/tmpTestSupport/jasmine.js:1496:28
execute@file:///home/cloudycua/javascript-intro-to-comparison-operators-v-000/tmpTestSupport/jasmine.js:1485:13
queueRunnerFactory@file:///home/cloudycua/javascript-intro-to-comparison-operators-v-000/tmpTestSupport/jasmine.js:518:42
execute@file:///home/cloudycua/javascript-intro-to-comparison-operators-v-000/tmpTestSupport/jasmine.js:548:25
onload@file:///home/cloudycua/javascript-intro-to-comparison-operators-v-000/tmpTestSupport/boot.js:172:16			</failure>
		</testcase>
		<testcase classname="Comparison Operator Basics" name="#testTrueLooseEqualityComparison should return true because &amp;quot;1&amp;quot; and 1 are equal in value" time="0">
			<failure type="" message="ReferenceError: Can&amp;apos;t find variable: testTrueLooseEqualityComparison in file:///home/cloudycua/javascript-intro-to-comparison-operators-v-000/spec/comparison_spec.js (line 19)">
file:///home/cloudycua/javascript-intro-to-comparison-operators-v-000/spec/comparison_spec.js:19:45
attemptSync@file:///home/cloudycua/javascript-intro-to-comparison-operators-v-000/tmpTestSupport/jasmine.js:1510:16
run@file:///home/cloudycua/javascript-intro-to-comparison-operators-v-000/tmpTestSupport/jasmine.js:1498:20
execute@file:///home/cloudycua/javascript-intro-to-comparison-operators-v-000/tmpTestSupport/jasmine.js:1485:13
queueRunnerFactory@file:///home/cloudycua/javascript-intro-to-comparison-operators-v-000/tmpTestSupport/jasmine.js:518:42
execute@file:///home/cloudycua/javascript-intro-to-comparison-operators-v-000/tmpTestSupport/jasmine.js:306:28
file:///home/cloudycua/javascript-intro-to-comparison-operators-v-000/tmpTestSupport/jasmine.js:1708:44
attemptAsync@file:///home/cloudycua/javascript-intro-to-comparison-operators-v-000/tmpTestSupport/jasmine.js:1520:16
run@file:///home/cloudycua/javascript-intro-to-comparison-operators-v-000/tmpTestSupport/jasmine.js:1496:28
execute@file:///home/cloudycua/javascript-intro-to-comparison-operators-v-000/tmpTestSupport/jasmine.js:1485:13
queueRunnerFactory@file:///home/cloudycua/javascript-intro-to-comparison-operators-v-000/tmpTestSupport/jasmine.js:518:42
execute@file:///home/cloudycua/javascript-intro-to-comparison-operators-v-000/tmpTestSupport/jasmine.js:1694:21
file:///home/cloudycua/javascript-intro-to-comparison-operators-v-000/tmpTestSupport/jasmine.js:1708:44
attemptAsync@file:///home/cloudycua/javascript-intro-to-comparison-operators-v-000/tmpTestSupport/jasmine.js:1520:16
run@file:///home/cloudycua/javascript-intro-to-comparison-operators-v-000/tmpTestSupport/jasmine.js:1496:28
next@file:///home/cloudycua/javascript-intro-to-comparison-operators-v-000/tmpTestSupport/jasmine.js:1517:40
complete@file:///home/cloudycua/javascript-intro-to-comparison-operators-v-000/tmpTestSupport/jasmine.js:1703:19
clearStack@file:///home/cloudycua/javascript-intro-to-comparison-operators-v-000/tmpTestSupport/jasmine.js:506:11
run@file:///home/cloudycua/javascript-intro-to-comparison-operators-v-000/tmpTestSupport/jasmine.js:1505:22
next@file:///home/cloudycua/javascript-intro-to-comparison-operators-v-000/tmpTestSupport/jasmine.js:1517:40
complete@file:///home/cloudycua/javascript-intro-to-comparison-operators-v-000/tmpTestSupport/jasmine.js:333:19
clearStack@file:///home/cloudycua/javascript-intro-to-comparison-operators-v-000/tmpTestSupport/jasmine.js:506:11
run@file:///home/cloudycua/javascript-intro-to-comparison-operators-v-000/tmpTestSupport/jasmine.js:1505:22
execute@file:///home/cloudycua/javascript-intro-to-comparison-operators-v-000/tmpTestSupport/jasmine.js:1485:13
queueRunnerFactory@file:///home/cloudycua/javascript-intro-to-comparison-operators-v-000/tmpTestSupport/jasmine.js:518:42
execute@file:///home/cloudycua/javascript-intro-to-comparison-operators-v-000/tmpTestSupport/jasmine.js:306:28
file:///home/cloudycua/javascript-intro-to-comparison-operators-v-000/tmpTestSupport/jasmine.js:1708:44
attemptAsync@file:///home/cloudycua/javascript-intro-to-comparison-operators-v-000/tmpTestSupport/jasmine.js:1520:16
run@file:///home/cloudycua/javascript-intro-to-comparison-operators-v-000/tmpTestSupport/jasmine.js:1496:28
execute@file:///home/cloudycua/javascript-intro-to-comparison-operators-v-000/tmpTestSupport/jasmine.js:1485:13
queueRunnerFactory@file:///home/cloudycua/javascript-intro-to-comparison-operators-v-000/tmpTestSupport/jasmine.js:518:42
execute@file:///home/cloudycua/javascript-intro-to-comparison-operators-v-000/tmpTestSupport/jasmine.js:1694:21
file:///home/cloudycua/javascript-intro-to-comparison-operators-v-000/tmpTestSupport/jasmine.js:1708:44
attemptAsync@file:///home/cloudycua/javascript-intro-to-comparison-operators-v-000/tmpTestSupport/jasmine.js:1520:16
run@file:///home/cloudycua/javascript-intro-to-comparison-operators-v-000/tmpTestSupport/jasmine.js:1496:28
next@file:///home/cloudycua/javascript-intro-to-comparison-operators-v-000/tmpTestSupport/jasmine.js:1517:40
complete@file:///home/cloudycua/javascript-intro-to-comparison-operators-v-000/tmpTestSupport/jasmine.js:1703:19
clearStack@file:///home/cloudycua/javascript-intro-to-comparison-operators-v-000/tmpTestSupport/jasmine.js:506:11
run@file:///home/cloudycua/javascript-intro-to-comparison-operators-v-000/tmpTestSupport/jasmine.js:1505:22
next@file:///home/cloudycua/javascript-intro-to-comparison-operators-v-000/tmpTestSupport/jasmine.js:1517:40
complete@file:///home/cloudycua/javascript-intro-to-comparison-operators-v-000/tmpTestSupport/jasmine.js:333:19
clearStack@file:///home/cloudycua/javascript-intro-to-comparison-operators-v-000/tmpTestSupport/jasmine.js:506:11
run@file:///home/cloudycua/javascript-intro-to-comparison-operators-v-000/tmpTestSupport/jasmine.js:1505:22
execute@file:///home/cloudycua/javascript-intro-to-comparison-operators-v-000/tmpTestSupport/jasmine.js:1485:13
queueRunnerFactory@file:///home/cloudycua/javascript-intro-to-comparison-operators-v-000/tmpTestSupport/jasmine.js:518:42
execute@file:///home/cloudycua/javascript-intro-to-comparison-operators-v-000/tmpTestSupport/jasmine.js:306:28
file:///home/cloudycua/javascript-intro-to-comparison-operators-v-000/tmpTestSupport/jasmine.js:1708:44
attemptAsync@file:///home/cloudycua/javascript-intro-to-comparison-operators-v-000/tmpTestSupport/jasmine.js:1520:16
run@file:///home/cloudycua/javascript-intro-to-comparison-operators-v-000/tmpTestSupport/jasmine.js:1496:28
execute@file:///home/cloudycua/javascript-intro-to-comparison-operators-v-000/tmpTestSupport/jasmine.js:1485:13
queueRunnerFactory@file:///home/cloudycua/javascript-intro-to-comparison-operators-v-000/tmpTestSupport/jasmine.js:518:42
execute@file:///home/cloudycua/javascript-intro-to-comparison-operators-v-000/tmpTestSupport/jasmine.js:1694:21
file:///home/cloudycua/javascript-intro-to-comparison-operators-v-000/tmpTestSupport/jasmine.js:1708:44
attemptAsync@file:///home/cloudycua/javascript-intro-to-comparison-operators-v-000/tmpTestSupport/jasmine.js:1520:16
run@file:///home/cloudycua/javascript-intro-to-comparison-operators-v-000/tmpTestSupport/jasmine.js:1496:28
execute@file:///home/cloudycua/javascript-intro-to-comparison-operators-v-000/tmpTestSupport/jasmine.js:1485:13
queueRunnerFactory@file:///home/cloudycua/javascript-intro-to-comparison-operators-v-000/tmpTestSupport/jasmine.js:518:42
execute@file:///home/cloudycua/javascript-intro-to-comparison-operators-v-000/tmpTestSupport/jasmine.js:1694:21
file:///home/cloudycua/javascript-intro-to-comparison-operators-v-000/tmpTestSupport/jasmine.js:1708:44
attemptAsync@file:///home/cloudycua/javascript-intro-to-comparison-operators-v-000/tmpTestSupport/jasmine.js:1520:16
run@file:///home/cloudycua/javascript-intro-to-comparison-operators-v-000/tmpTestSupport/jasmine.js:1496:28
execute@file:///home/cloudycua/javascript-intro-to-comparison-operators-v-000/tmpTestSupport/jasmine.js:1485:13
queueRunnerFactory@file:///home/cloudycua/javascript-intro-to-comparison-operators-v-000/tmpTestSupport/jasmine.js:518:42
execute@file:///home/cloudycua/javascript-intro-to-comparison-operators-v-000/tmpTestSupport/jasmine.js:1694:21
file:///home/cloudycua/javascript-intro-to-comparison-operators-v-000/tmpTestSupport/jasmine.js:541:83
attemptAsync@file:///home/cloudycua/javascript-intro-to-comparison-operators-v-000/tmpTestSupport/jasmine.js:1520:16
run@file:///home/cloudycua/javascript-intro-to-comparison-operators-v-000/tmpTestSupport/jasmine.js:1496:28
execute@file:///home/cloudycua/javascript-intro-to-comparison-operators-v-000/tmpTestSupport/jasmine.js:1485:13
queueRunnerFactory@file:///home/cloudycua/javascript-intro-to-comparison-operators-v-000/tmpTestSupport/jasmine.js:518:42
execute@file:///home/cloudycua/javascript-intro-to-comparison-operators-v-000/tmpTestSupport/jasmine.js:548:25
onload@file:///home/cloudycua/javascript-intro-to-comparison-operators-v-000/tmpTestSupport/boot.js:172:16			</failure>
		</testcase>
		<testcase classname="Comparison Operator Basics" name="#testFalseStrictEqualityComparison should return false because 1 and &amp;quot;1&amp;quot; are not the same datatype" time="0">
			<failure type="" message="ReferenceError: Can&amp;apos;t find variable: testFalseStrictEqualityComparison in file:///home/cloudycua/javascript-intro-to-comparison-operators-v-000/spec/comparison_spec.js (line 25)">
file:///home/cloudycua/javascript-intro-to-comparison-operators-v-000/spec/comparison_spec.js:25:47
attemptSync@file:///home/cloudycua/javascript-intro-to-comparison-operators-v-000/tmpTestSupport/jasmine.js:1510:16
run@file:///home/cloudycua/javascript-intro-to-comparison-operators-v-000/tmpTestSupport/jasmine.js:1498:20
execute@file:///home/cloudycua/javascript-intro-to-comparison-operators-v-000/tmpTestSupport/jasmine.js:1485:13
queueRunnerFactory@file:///home/cloudycua/javascript-intro-to-comparison-operators-v-000/tmpTestSupport/jasmine.js:518:42
execute@file:///home/cloudycua/javascript-intro-to-comparison-operators-v-000/tmpTestSupport/jasmine.js:306:28
file:///home/cloudycua/javascript-intro-to-comparison-operators-v-000/tmpTestSupport/jasmine.js:1708:44
attemptAsync@file:///home/cloudycua/javascript-intro-to-comparison-operators-v-000/tmpTestSupport/jasmine.js:1520:16
run@file:///home/cloudycua/javascript-intro-to-comparison-operators-v-000/tmpTestSupport/jasmine.js:1496:28
execute@file:///home/cloudycua/javascript-intro-to-comparison-operators-v-000/tmpTestSupport/jasmine.js:1485:13
queueRunnerFactory@file:///home/cloudycua/javascript-intro-to-comparison-operators-v-000/tmpTestSupport/jasmine.js:518:42
execute@file:///home/cloudycua/javascript-intro-to-comparison-operators-v-000/tmpTestSupport/jasmine.js:1694:21
file:///home/cloudycua/javascript-intro-to-comparison-operators-v-000/tmpTestSupport/jasmine.js:1708:44
attemptAsync@file:///home/cloudycua/javascript-intro-to-comparison-operators-v-000/tmpTestSupport/jasmine.js:1520:16
run@file:///home/cloudycua/javascript-intro-to-comparison-operators-v-000/tmpTestSupport/jasmine.js:1496:28
next@file:///home/cloudycua/javascript-intro-to-comparison-operators-v-000/tmpTestSupport/jasmine.js:1517:40
complete@file:///home/cloudycua/javascript-intro-to-comparison-operators-v-000/tmpTestSupport/jasmine.js:1703:19
clearStack@file:///home/cloudycua/javascript-intro-to-comparison-operators-v-000/tmpTestSupport/jasmine.js:506:11
run@file:///home/cloudycua/javascript-intro-to-comparison-operators-v-000/tmpTestSupport/jasmine.js:1505:22
next@file:///home/cloudycua/javascript-intro-to-comparison-operators-v-000/tmpTestSupport/jasmine.js:1517:40
complete@file:///home/cloudycua/javascript-intro-to-comparison-operators-v-000/tmpTestSupport/jasmine.js:333:19
clearStack@file:///home/cloudycua/javascript-intro-to-comparison-operators-v-000/tmpTestSupport/jasmine.js:506:11
run@file:///home/cloudycua/javascript-intro-to-comparison-operators-v-000/tmpTestSupport/jasmine.js:1505:22
execute@file:///home/cloudycua/javascript-intro-to-comparison-operators-v-000/tmpTestSupport/jasmine.js:1485:13
queueRunnerFactory@file:///home/cloudycua/javascript-intro-to-comparison-operators-v-000/tmpTestSupport/jasmine.js:518:42
execute@file:///home/cloudycua/javascript-intro-to-comparison-operators-v-000/tmpTestSupport/jasmine.js:306:28
file:///home/cloudycua/javascript-intro-to-comparison-operators-v-000/tmpTestSupport/jasmine.js:1708:44
attemptAsync@file:///home/cloudycua/javascript-intro-to-comparison-operators-v-000/tmpTestSupport/jasmine.js:1520:16
run@file:///home/cloudycua/javascript-intro-to-comparison-operators-v-000/tmpTestSupport/jasmine.js:1496:28
execute@file:///home/cloudycua/javascript-intro-to-comparison-operators-v-000/tmpTestSupport/jasmine.js:1485:13
queueRunnerFactory@file:///home/cloudycua/javascript-intro-to-comparison-operators-v-000/tmpTestSupport/jasmine.js:518:42
execute@file:///home/cloudycua/javascript-intro-to-comparison-operators-v-000/tmpTestSupport/jasmine.js:1694:21
file:///home/cloudycua/javascript-intro-to-comparison-operators-v-000/tmpTestSupport/jasmine.js:1708:44
attemptAsync@file:///home/cloudycua/javascript-intro-to-comparison-operators-v-000/tmpTestSupport/jasmine.js:1520:16
run@file:///home/cloudycua/javascript-intro-to-comparison-operators-v-000/tmpTestSupport/jasmine.js:1496:28
next@file:///home/cloudycua/javascript-intro-to-comparison-operators-v-000/tmpTestSupport/jasmine.js:1517:40
complete@file:///home/cloudycua/javascript-intro-to-comparison-operators-v-000/tmpTestSupport/jasmine.js:1703:19
clearStack@file:///home/cloudycua/javascript-intro-to-comparison-operators-v-000/tmpTestSupport/jasmine.js:506:11
run@file:///home/cloudycua/javascript-intro-to-comparison-operators-v-000/tmpTestSupport/jasmine.js:1505:22
next@file:///home/cloudycua/javascript-intro-to-comparison-operators-v-000/tmpTestSupport/jasmine.js:1517:40
complete@file:///home/cloudycua/javascript-intro-to-comparison-operators-v-000/tmpTestSupport/jasmine.js:333:19
clearStack@file:///home/cloudycua/javascript-intro-to-comparison-operators-v-000/tmpTestSupport/jasmine.js:506:11
run@file:///home/cloudycua/javascript-intro-to-comparison-operators-v-000/tmpTestSupport/jasmine.js:1505:22
execute@file:///home/cloudycua/javascript-intro-to-comparison-operators-v-000/tmpTestSupport/jasmine.js:1485:13
queueRunnerFactory@file:///home/cloudycua/javascript-intro-to-comparison-operators-v-000/tmpTestSupport/jasmine.js:518:42
execute@file:///home/cloudycua/javascript-intro-to-comparison-operators-v-000/tmpTestSupport/jasmine.js:306:28
file:///home/cloudycua/javascript-intro-to-comparison-operators-v-000/tmpTestSupport/jasmine.js:1708:44
attemptAsync@file:///home/cloudycua/javascript-intro-to-comparison-operators-v-000/tmpTestSupport/jasmine.js:1520:16
run@file:///home/cloudycua/javascript-intro-to-comparison-operators-v-000/tmpTestSupport/jasmine.js:1496:28
execute@file:///home/cloudycua/javascript-intro-to-comparison-operators-v-000/tmpTestSupport/jasmine.js:1485:13
queueRunnerFactory@file:///home/cloudycua/javascript-intro-to-comparison-operators-v-000/tmpTestSupport/jasmine.js:518:42
execute@file:///home/cloudycua/javascript-intro-to-comparison-operators-v-000/tmpTestSupport/jasmine.js:1694:21
file:///home/cloudycua/javascript-intro-to-comparison-operators-v-000/tmpTestSupport/jasmine.js:1708:44
attemptAsync@file:///home/cloudycua/javascript-intro-to-comparison-operators-v-000/tmpTestSupport/jasmine.js:1520:16
run@file:///home/cloudycua/javascript-intro-to-comparison-operators-v-000/tmpTestSupport/jasmine.js:1496:28
next@file:///home/cloudycua/javascript-intro-to-comparison-operators-v-000/tmpTestSupport/jasmine.js:1517:40
complete@file:///home/cloudycua/javascript-intro-to-comparison-operators-v-000/tmpTestSupport/jasmine.js:1703:19
clearStack@file:///home/cloudycua/javascript-intro-to-comparison-operators-v-000/tmpTestSupport/jasmine.js:506:11
run@file:///home/cloudycua/javascript-intro-to-comparison-operators-v-000/tmpTestSupport/jasmine.js:1505:22
next@file:///home/cloudycua/javascript-intro-to-comparison-operators-v-000/tmpTestSupport/jasmine.js:1517:40
complete@file:///home/cloudycua/javascript-intro-to-comparison-operators-v-000/tmpTestSupport/jasmine.js:333:19
clearStack@file:///home/cloudycua/javascript-intro-to-comparison-operators-v-000/tmpTestSupport/jasmine.js:506:11
run@file:///home/cloudycua/javascript-intro-to-comparison-operators-v-000/tmpTestSupport/jasmine.js:1505:22
execute@file:///home/cloudycua/javascript-intro-to-comparison-operators-v-000/tmpTestSupport/jasmine.js:1485:13
queueRunnerFactory@file:///home/cloudycua/javascript-intro-to-comparison-operators-v-000/tmpTestSupport/jasmine.js:518:42
execute@file:///home/cloudycua/javascript-intro-to-comparison-operators-v-000/tmpTestSupport/jasmine.js:306:28
file:///home/cloudycua/javascript-intro-to-comparison-operators-v-000/tmpTestSupport/jasmine.js:1708:44
attemptAsync@file:///home/cloudycua/javascript-intro-to-comparison-operators-v-000/tmpTestSupport/jasmine.js:1520:16
run@file:///home/cloudycua/javascript-intro-to-comparison-operators-v-000/tmpTestSupport/jasmine.js:1496:28
execute@file:///home/cloudycua/javascript-intro-to-comparison-operators-v-000/tmpTestSupport/jasmine.js:1485:13
queueRunnerFactory@file:///home/cloudycua/javascript-intro-to-comparison-operators-v-000/tmpTestSupport/jasmine.js:518:42
execute@file:///home/cloudycua/javascript-intro-to-comparison-operators-v-000/tmpTestSupport/jasmine.js:1694:21
file:///home/cloudycua/javascript-intro-to-comparison-operators-v-000/tmpTestSupport/jasmine.js:1708:44
attemptAsync@file:///home/cloudycua/javascript-intro-to-comparison-operators-v-000/tmpTestSupport/jasmine.js:1520:16
run@file:///home/cloudycua/javascript-intro-to-comparison-operators-v-000/tmpTestSupport/jasmine.js:1496:28
execute@file:///home/cloudycua/javascript-intro-to-comparison-operators-v-000/tmpTestSupport/jasmine.js:1485:13
queueRunnerFactory@file:///home/cloudycua/javascript-intro-to-comparison-operators-v-000/tmpTestSupport/jasmine.js:518:42
execute@file:///home/cloudycua/javascript-intro-to-comparison-operators-v-000/tmpTestSupport/jasmine.js:1694:21
file:///home/cloudycua/javascript-intro-to-comparison-operators-v-000/tmpTestSupport/jasmine.js:1708:44
attemptAsync@file:///home/cloudycua/javascript-intro-to-comparison-operators-v-000/tmpTestSupport/jasmine.js:1520:16
run@file:///home/cloudycua/javascript-intro-to-comparison-operators-v-000/tmpTestSupport/jasmine.js:1496:28
execute@file:///home/cloudycua/javascript-intro-to-comparison-operators-v-000/tmpTestSupport/jasmine.js:1485:13
queueRunnerFactory@file:///home/cloudycua/javascript-intro-to-comparison-operators-v-000/tmpTestSupport/jasmine.js:518:42
execute@file:///home/cloudycua/javascript-intro-to-comparison-operators-v-000/tmpTestSupport/jasmine.js:1694:21
file:///home/cloudycua/javascript-intro-to-comparison-operators-v-000/tmpTestSupport/jasmine.js:541:83
attemptAsync@file:///home/cloudycua/javascript-intro-to-comparison-operators-v-000/tmpTestSupport/jasmine.js:1520:16
run@file:///home/cloudycua/javascript-intro-to-comparison-operators-v-000/tmpTestSupport/jasmine.js:1496:28
execute@file:///home/cloudycua/javascript-intro-to-comparison-operators-v-000/tmpTestSupport/jasmine.js:1485:13
queueRunnerFactory@file:///home/cloudycua/javascript-intro-to-comparison-operators-v-000/tmpTestSupport/jasmine.js:518:42
execute@file:///home/cloudycua/javascript-intro-to-comparison-operators-v-000/tmpTestSupport/jasmine.js:548:25
onload@file:///home/cloudycua/javascript-intro-to-comparison-operators-v-000/tmpTestSupport/boot.js:172:16			</failure>
		</testcase>
		<testcase classname="Comparison Operator Basics" name="#testTrueStrictEqualityComparison should return true because 1 and parseInt(&amp;quot;1&amp;quot;) are the same datatype" time="0">
			<failure type="" message="ReferenceError: Can&amp;apos;t find variable: testTrueStrictEqualityComparison in file:///home/cloudycua/javascript-intro-to-comparison-operators-v-000/spec/comparison_spec.js (line 32)">
file:///home/cloudycua/javascript-intro-to-comparison-operators-v-000/spec/comparison_spec.js:32:46
attemptSync@file:///home/cloudycua/javascript-intro-to-comparison-operators-v-000/tmpTestSupport/jasmine.js:1510:16
run@file:///home/cloudycua/javascript-intro-to-comparison-operators-v-000/tmpTestSupport/jasmine.js:1498:20
execute@file:///home/cloudycua/javascript-intro-to-comparison-operators-v-000/tmpTestSupport/jasmine.js:1485:13
queueRunnerFactory@file:///home/cloudycua/javascript-intro-to-comparison-operators-v-000/tmpTestSupport/jasmine.js:518:42
execute@file:///home/cloudycua/javascript-intro-to-comparison-operators-v-000/tmpTestSupport/jasmine.js:306:28
file:///home/cloudycua/javascript-intro-to-comparison-operators-v-000/tmpTestSupport/jasmine.js:1708:44
attemptAsync@file:///home/cloudycua/javascript-intro-to-comparison-operators-v-000/tmpTestSupport/jasmine.js:1520:16
run@file:///home/cloudycua/javascript-intro-to-comparison-operators-v-000/tmpTestSupport/jasmine.js:1496:28
execute@file:///home/cloudycua/javascript-intro-to-comparison-operators-v-000/tmpTestSupport/jasmine.js:1485:13
queueRunnerFactory@file:///home/cloudycua/javascript-intro-to-comparison-operators-v-000/tmpTestSupport/jasmine.js:518:42
execute@file:///home/cloudycua/javascript-intro-to-comparison-operators-v-000/tmpTestSupport/jasmine.js:1694:21
file:///home/cloudycua/javascript-intro-to-comparison-operators-v-000/tmpTestSupport/jasmine.js:1708:44
attemptAsync@file:///home/cloudycua/javascript-intro-to-comparison-operators-v-000/tmpTestSupport/jasmine.js:1520:16
run@file:///home/cloudycua/javascript-intro-to-comparison-operators-v-000/tmpTestSupport/jasmine.js:1496:28
next@file:///home/cloudycua/javascript-intro-to-comparison-operators-v-000/tmpTestSupport/jasmine.js:1517:40
complete@file:///home/cloudycua/javascript-intro-to-comparison-operators-v-000/tmpTestSupport/jasmine.js:1703:19
clearStack@file:///home/cloudycua/javascript-intro-to-comparison-operators-v-000/tmpTestSupport/jasmine.js:506:11
run@file:///home/cloudycua/javascript-intro-to-comparison-operators-v-000/tmpTestSupport/jasmine.js:1505:22
next@file:///home/cloudycua/javascript-intro-to-comparison-operators-v-000/tmpTestSupport/jasmine.js:1517:40
complete@file:///home/cloudycua/javascript-intro-to-comparison-operators-v-000/tmpTestSupport/jasmine.js:333:19
clearStack@file:///home/cloudycua/javascript-intro-to-comparison-operators-v-000/tmpTestSupport/jasmine.js:506:11
run@file:///home/cloudycua/javascript-intro-to-comparison-operators-v-000/tmpTestSupport/jasmine.js:1505:22
execute@file:///home/cloudycua/javascript-intro-to-comparison-operators-v-000/tmpTestSupport/jasmine.js:1485:13
queueRunnerFactory@file:///home/cloudycua/javascript-intro-to-comparison-operators-v-000/tmpTestSupport/jasmine.js:518:42
execute@file:///home/cloudycua/javascript-intro-to-comparison-operators-v-000/tmpTestSupport/jasmine.js:306:28
file:///home/cloudycua/javascript-intro-to-comparison-operators-v-000/tmpTestSupport/jasmine.js:1708:44
attemptAsync@file:///home/cloudycua/javascript-intro-to-comparison-operators-v-000/tmpTestSupport/jasmine.js:1520:16
run@file:///home/cloudycua/javascript-intro-to-comparison-operators-v-000/tmpTestSupport/jasmine.js:1496:28
execute@file:///home/cloudycua/javascript-intro-to-comparison-operators-v-000/tmpTestSupport/jasmine.js:1485:13
queueRunnerFactory@file:///home/cloudycua/javascript-intro-to-comparison-operators-v-000/tmpTestSupport/jasmine.js:518:42
execute@file:///home/cloudycua/javascript-intro-to-comparison-operators-v-000/tmpTestSupport/jasmine.js:1694:21
file:///home/cloudycua/javascript-intro-to-comparison-operators-v-000/tmpTestSupport/jasmine.js:1708:44
attemptAsync@file:///home/cloudycua/javascript-intro-to-comparison-operators-v-000/tmpTestSupport/jasmine.js:1520:16
run@file:///home/cloudycua/javascript-intro-to-comparison-operators-v-000/tmpTestSupport/jasmine.js:1496:28
next@file:///home/cloudycua/javascript-intro-to-comparison-operators-v-000/tmpTestSupport/jasmine.js:1517:40
complete@file:///home/cloudycua/javascript-intro-to-comparison-operators-v-000/tmpTestSupport/jasmine.js:1703:19
clearStack@file:///home/cloudycua/javascript-intro-to-comparison-operators-v-000/tmpTestSupport/jasmine.js:506:11
run@file:///home/cloudycua/javascript-intro-to-comparison-operators-v-000/tmpTestSupport/jasmine.js:1505:22
next@file:///home/cloudycua/javascript-intro-to-comparison-operators-v-000/tmpTestSupport/jasmine.js:1517:40
complete@file:///home/cloudycua/javascript-intro-to-comparison-operators-v-000/tmpTestSupport/jasmine.js:333:19
clearStack@file:///home/cloudycua/javascript-intro-to-comparison-operators-v-000/tmpTestSupport/jasmine.js:506:11
run@file:///home/cloudycua/javascript-intro-to-comparison-operators-v-000/tmpTestSupport/jasmine.js:1505:22
execute@file:///home/cloudycua/javascript-intro-to-comparison-operators-v-000/tmpTestSupport/jasmine.js:1485:13
queueRunnerFactory@file:///home/cloudycua/javascript-intro-to-comparison-operators-v-000/tmpTestSupport/jasmine.js:518:42
execute@file:///home/cloudycua/javascript-intro-to-comparison-operators-v-000/tmpTestSupport/jasmine.js:306:28
file:///home/cloudycua/javascript-intro-to-comparison-operators-v-000/tmpTestSupport/jasmine.js:1708:44
attemptAsync@file:///home/cloudycua/javascript-intro-to-comparison-operators-v-000/tmpTestSupport/jasmine.js:1520:16
run@file:///home/cloudycua/javascript-intro-to-comparison-operators-v-000/tmpTestSupport/jasmine.js:1496:28
execute@file:///home/cloudycua/javascript-intro-to-comparison-operators-v-000/tmpTestSupport/jasmine.js:1485:13
queueRunnerFactory@file:///home/cloudycua/javascript-intro-to-comparison-operators-v-000/tmpTestSupport/jasmine.js:518:42
execute@file:///home/cloudycua/javascript-intro-to-comparison-operators-v-000/tmpTestSupport/jasmine.js:1694:21
file:///home/cloudycua/javascript-intro-to-comparison-operators-v-000/tmpTestSupport/jasmine.js:1708:44
attemptAsync@file:///home/cloudycua/javascript-intro-to-comparison-operators-v-000/tmpTestSupport/jasmine.js:1520:16
run@file:///home/cloudycua/javascript-intro-to-comparison-operators-v-000/tmpTestSupport/jasmine.js:1496:28
next@file:///home/cloudycua/javascript-intro-to-comparison-operators-v-000/tmpTestSupport/jasmine.js:1517:40
complete@file:///home/cloudycua/javascript-intro-to-comparison-operators-v-000/tmpTestSupport/jasmine.js:1703:19
clearStack@file:///home/cloudycua/javascript-intro-to-comparison-operators-v-000/tmpTestSupport/jasmine.js:506:11
run@file:///home/cloudycua/javascript-intro-to-comparison-operators-v-000/tmpTestSupport/jasmine.js:1505:22
next@file:///home/cloudycua/javascript-intro-to-comparison-operators-v-000/tmpTestSupport/jasmine.js:1517:40
complete@file:///home/cloudycua/javascript-intro-to-comparison-operators-v-000/tmpTestSupport/jasmine.js:333:19
clearStack@file:///home/cloudycua/javascript-intro-to-comparison-operators-v-000/tmpTestSupport/jasmine.js:506:11
run@file:///home/cloudycua/javascript-intro-to-comparison-operators-v-000/tmpTestSupport/jasmine.js:1505:22
execute@file:///home/cloudycua/javascript-intro-to-comparison-operators-v-000/tmpTestSupport/jasmine.js:1485:13
queueRunnerFactory@file:///home/cloudycua/javascript-intro-to-comparison-operators-v-000/tmpTestSupport/jasmine.js:518:42
execute@file:///home/cloudycua/javascript-intro-to-comparison-operators-v-000/tmpTestSupport/jasmine.js:306:28
file:///home/cloudycua/javascript-intro-to-comparison-operators-v-000/tmpTestSupport/jasmine.js:1708:44
attemptAsync@file:///home/cloudycua/javascript-intro-to-comparison-operators-v-000/tmpTestSupport/jasmine.js:1520:16
run@file:///home/cloudycua/javascript-intro-to-comparison-operators-v-000/tmpTestSupport/jasmine.js:1496:28
execute@file:///home/cloudycua/javascript-intro-to-comparison-operators-v-000/tmpTestSupport/jasmine.js:1485:13
queueRunnerFactory@file:///home/cloudycua/javascript-intro-to-comparison-operators-v-000/tmpTestSupport/jasmine.js:518:42
execute@file:///home/cloudycua/javascript-intro-to-comparison-operators-v-000/tmpTestSupport/jasmine.js:1694:21
file:///home/cloudycua/javascript-intro-to-comparison-operators-v-000/tmpTestSupport/jasmine.js:1708:44
attemptAsync@file:///home/cloudycua/javascript-intro-to-comparison-operators-v-000/tmpTestSupport/jasmine.js:1520:16
run@file:///home/cloudycua/javascript-intro-to-comparison-operators-v-000/tmpTestSupport/jasmine.js:1496:28
next@file:///home/cloudycua/javascript-intro-to-comparison-operators-v-000/tmpTestSupport/jasmine.js:1517:40
complete@file:///home/cloudycua/javascript-intro-to-comparison-operators-v-000/tmpTestSupport/jasmine.js:1703:19
clearStack@file:///home/cloudycua/javascript-intro-to-comparison-operators-v-000/tmpTestSupport/jasmine.js:506:11
run@file:///home/cloudycua/javascript-intro-to-comparison-operators-v-000/tmpTestSupport/jasmine.js:1505:22
next@file:///home/cloudycua/javascript-intro-to-comparison-operators-v-000/tmpTestSupport/jasmine.js:1517:40
complete@file:///home/cloudycua/javascript-intro-to-comparison-operators-v-000/tmpTestSupport/jasmine.js:333:19
clearStack@file:///home/cloudycua/javascript-intro-to-comparison-operators-v-000/tmpTestSupport/jasmine.js:506:11
run@file:///home/cloudycua/javascript-intro-to-comparison-operators-v-000/tmpTestSupport/jasmine.js:1505:22
execute@file:///home/cloudycua/javascript-intro-to-comparison-operators-v-000/tmpTestSupport/jasmine.js:1485:13
queueRunnerFactory@file:///home/cloudycua/javascript-intro-to-comparison-operators-v-000/tmpTestSupport/jasmine.js:518:42
execute@file:///home/cloudycua/javascript-intro-to-comparison-operators-v-000/tmpTestSupport/jasmine.js:306:28
file:///home/cloudycua/javascript-intro-to-comparison-operators-v-000/tmpTestSupport/jasmine.js:1708:44
attemptAsync@file:///home/cloudycua/javascript-intro-to-comparison-operators-v-000/tmpTestSupport/jasmine.js:1520:16
run@file:///home/cloudycua/javascript-intro-to-comparison-operators-v-000/tmpTestSupport/jasmine.js:1496:28
execute@file:///home/cloudycua/javascript-intro-to-comparison-operators-v-000/tmpTestSupport/jasmine.js:1485:13
queueRunnerFactory@file:///home/cloudycua/javascript-intro-to-comparison-operators-v-000/tmpTestSupport/jasmine.js:518:42
execute@file:///home/cloudycua/javascript-intro-to-comparison-operators-v-000/tmpTestSupport/jasmine.js:1694:21
file:///home/cloudycua/javascript-intro-to-comparison-operators-v-000/tmpTestSupport/jasmine.js:1708:44
attemptAsync@file:///home/cloudycua/javascript-intro-to-comparison-operators-v-000/tmpTestSupport/jasmine.js:1520:16
run@file:///home/cloudycua/javascript-intro-to-comparison-operators-v-000/tmpTestSupport/jasmine.js:1496:28
execute@file:///home/cloudycua/javascript-intro-to-comparison-operators-v-000/tmpTestSupport/jasmine.js:1485:13
queueRunnerFactory@file:///home/cloudycua/javascript-intro-to-comparison-operators-v-000/tmpTestSupport/jasmine.js:518:42
execute@file:///home/cloudycua/javascript-intro-to-comparison-operators-v-000/tmpTestSupport/jasmine.js:1694:21
file:///home/cloudycua/javascript-intro-to-comparison-operators-v-000/tmpTestSupport/jasmine.js:1708:44
attemptAsync@file:///home/cloudycua/javascript-intro-to-comparison-operators-v-000/tmpTestSupport/jasmine.js:1520:16
run@file:///home/cloudycua/javascript-intro-to-comparison-operators-v-000/tmpTestSupport/jasmine.js:1496:28
execute@file:///home/cloudycua/javascript-intro-to-comparison-operators-v-000/tmpTestSupport/jasmine.js:1485:13
queueRunnerFactory@file:///home/cloudycua/javascript-intro-to-comparison-operators-v-000/tmpTestSupport/jasmine.js:518:42
execute@file:///home/cloudycua/javascript-intro-to-comparison-operators-v-000/tmpTestSupport/jasmine.js:1694:21
file:///home/cloudycua/javascript-intro-to-comparison-operators-v-000/tmpTestSupport/jasmine.js:541:83
attemptAsync@file:///home/cloudycua/javascript-intro-to-comparison-operators-v-000/tmpTestSupport/jasmine.js:1520:16
run@file:///home/cloudycua/javascript-intro-to-comparison-operators-v-000/tmpTestSupport/jasmine.js:1496:28
execute@file:///home/cloudycua/javascript-intro-to-comparison-operators-v-000/tmpTestSupport/jasmine.js:1485:13
queueRunnerFactory@file:///home/cloudycua/javascript-intro-to-comparison-operators-v-000/tmpTestSupport/jasmine.js:518:42
execute@file:///home/cloudycua/javascript-intro-to-comparison-operators-v-000/tmpTestSupport/jasmine.js:548:25
onload@file:///home/cloudycua/javascript-intro-to-comparison-operators-v-000/tmpTestSupport/boot.js:172:16			</failure>
		</testcase>
	</testsuite>
</testsuites>

